2022-10-13 21:38:55,946 INFO o.a.j.u.JMeterUtils: Setting Locale to en_EN
2022-10-13 21:38:55,961 INFO o.a.j.JMeter: Loading user properties from: /opt/homebrew/Cellar/jmeter/5.5/libexec/bin/user.properties
2022-10-13 21:38:55,961 INFO o.a.j.JMeter: Loading system properties from: /opt/homebrew/Cellar/jmeter/5.5/libexec/bin/system.properties
2022-10-13 21:38:55,964 INFO o.a.j.JMeter: Copyright (c) 1998-2022 The Apache Software Foundation
2022-10-13 21:38:55,964 INFO o.a.j.JMeter: Version 5.5
2022-10-13 21:38:55,964 INFO o.a.j.JMeter: java.version=19
2022-10-13 21:38:55,964 INFO o.a.j.JMeter: java.vm.name=OpenJDK 64-Bit Server VM
2022-10-13 21:38:55,964 INFO o.a.j.JMeter: os.name=Mac OS X
2022-10-13 21:38:55,964 INFO o.a.j.JMeter: os.arch=aarch64
2022-10-13 21:38:55,964 INFO o.a.j.JMeter: os.version=12.6
2022-10-13 21:38:55,965 INFO o.a.j.JMeter: file.encoding=UTF-8
2022-10-13 21:38:55,965 INFO o.a.j.JMeter: java.awt.headless=null
2022-10-13 21:38:55,965 INFO o.a.j.JMeter: Max memory     =1073741824
2022-10-13 21:38:55,965 INFO o.a.j.JMeter: Available Processors =8
2022-10-13 21:38:55,971 INFO o.a.j.JMeter: Default Locale=English (EN)
2022-10-13 21:38:55,971 INFO o.a.j.JMeter: JMeter  Locale=English (EN)
2022-10-13 21:38:55,971 INFO o.a.j.JMeter: JMeterHome=/opt/homebrew/Cellar/jmeter/5.5/libexec
2022-10-13 21:38:55,971 INFO o.a.j.JMeter: user.dir  =/Users/wernerschafer/Development/ffhs/jea/guestbook
2022-10-13 21:38:55,971 INFO o.a.j.JMeter: PWD       =/Users/wernerschafer/Development/ffhs/jea/guestbook
2022-10-13 21:38:55,976 INFO o.a.j.JMeter: IP: 192.168.86.26 Name: air-von-werner.lan FullName: air-von-werner.lan
2022-10-13 21:38:55,982 INFO o.a.j.JMeter: Loaded icon properties from org/apache/jmeter/images/icon.properties
2022-10-13 21:38:56,268 INFO o.a.j.JMeterGuiLauncher: Setting LAF to: com.github.weisj.darklaf.DarkLaf:com.github.weisj.darklaf.theme.IntelliJTheme
2022-10-13 21:38:58,016 INFO o.j.r.JARSourceHTTP: Requesting https://jmeter-plugins.org/repo/?installID=mac_os_x-87353a595821ae7558a1f96215e3831b-gui
2022-10-13 21:38:59,953 INFO o.j.r.PluginManager: Plugins Status: [jpgc-plugins-manager=1.7, jmeter-core=5.5, jmeter-ftp=5.5, jmeter-http=5.5, jmeter-jdbc=5.5, jmeter-jms=5.5, jmeter-junit=5.5, jmeter-java=5.5, jmeter-ldap=5.5, jmeter-mail=5.5, jmeter-mongodb=5.5, jmeter-native=5.5, jmeter-tcp=5.5, jmeter-components=5.5]
2022-10-13 21:39:08,658 INFO o.a.j.s.FileServer: Default base='/Users/wernerschafer/Development/ffhs/jea/guestbook'
2022-10-13 21:39:08,659 INFO o.a.j.g.a.Load: Loading file: /Users/wernerschafer/Development/ffhs/jea/guestbook/guestbook.jmx
2022-10-13 21:39:08,659 INFO o.a.j.s.FileServer: Set new base='/Users/wernerschafer/Development/ffhs/jea/guestbook'
2022-10-13 21:39:08,753 INFO o.a.j.s.SaveService: Testplan (JMX) version: 2.2. Testlog (JTL) version: 2.2
2022-10-13 21:39:08,756 INFO o.a.j.s.SaveService: Using SaveService properties version 5.0
2022-10-13 21:39:08,757 INFO o.a.j.s.SaveService: Using SaveService properties file encoding UTF-8
2022-10-13 21:39:08,757 INFO o.a.j.s.SaveService: Loading file: /Users/wernerschafer/Development/ffhs/jea/guestbook/guestbook.jmx
2022-10-13 21:39:08,799 INFO o.a.j.p.h.s.HTTPSamplerBase: Parser for text/html is org.apache.jmeter.protocol.http.parser.LagartoBasedHtmlParser
2022-10-13 21:39:08,799 INFO o.a.j.p.h.s.HTTPSamplerBase: Parser for application/xhtml+xml is org.apache.jmeter.protocol.http.parser.LagartoBasedHtmlParser
2022-10-13 21:39:08,799 INFO o.a.j.p.h.s.HTTPSamplerBase: Parser for application/xml is org.apache.jmeter.protocol.http.parser.LagartoBasedHtmlParser
2022-10-13 21:39:08,799 INFO o.a.j.p.h.s.HTTPSamplerBase: Parser for text/xml is org.apache.jmeter.protocol.http.parser.LagartoBasedHtmlParser
2022-10-13 21:39:08,799 INFO o.a.j.p.h.s.HTTPSamplerBase: Parser for text/vnd.wap.wml is org.apache.jmeter.protocol.http.parser.RegexpHTMLParser
2022-10-13 21:39:08,799 INFO o.a.j.p.h.s.HTTPSamplerBase: Parser for text/css is org.apache.jmeter.protocol.http.parser.CssParser
2022-10-13 21:39:08,871 INFO o.a.j.s.SampleResult: Note: Sample TimeStamps are START times
2022-10-13 21:39:08,871 INFO o.a.j.s.SampleResult: sampleresult.default.encoding is set to ISO-8859-1
2022-10-13 21:39:08,871 INFO o.a.j.s.SampleResult: sampleresult.useNanoTime=true
2022-10-13 21:39:08,871 INFO o.a.j.s.SampleResult: sampleresult.nanoThreadSleep=5000
2022-10-13 21:39:08,933 INFO o.a.j.v.ViewResultsFullVisualizer: Add JavaFX to your Java installation if you want to use renderer: org.apache.jmeter.visualizers.RenderInBrowser
2022-10-13 21:39:08,961 INFO o.a.j.s.FileServer: Set new base='/Users/wernerschafer/Development/ffhs/jea/guestbook'
